TN:
SF:/Users/jinx/javascript/Chip1138/const/cartType.js
FNF:0
FNH:0
DA:1,1
LF:1
LH:1
BRF:0
BRH:0
end_of_record
TN:
SF:/Users/jinx/javascript/Chip1138/const/opcode.js
FNF:0
FNH:0
DA:1,1
DA:3830,1
LF:2
LH:2
BRF:0
BRH:0
end_of_record
TN:
SF:/Users/jinx/javascript/Chip1138/src/cpu.js
FN:18,CPU
FNF:1
FNH:1
FNDA:115,CPU
DA:4,1
DA:18,115
DA:20,115
DA:21,115
DA:23,115
DA:26,115
DA:27,115
DA:28,115
DA:29,115
DA:38,115
DA:51,110
DA:52,69
DA:57,13
DA:58,0
DA:59,0
DA:60,0
DA:62,0
DA:68,34
DA:69,17
DA:70,17
DA:72,17
DA:73,17
DA:74,17
DA:75,1
DA:78,16
DA:81,17
DA:86,14
DA:87,14
DA:88,14
DA:89,14
DA:93,14
DA:94,14
DA:95,7
DA:98,14
DA:99,0
DA:100,0
DA:101,0
DA:102,0
DA:105,0
DA:110,14
DA:111,0
DA:112,0
DA:114,0
DA:115,0
DA:119,0
DA:120,0
DA:123,14
DA:127,4
DA:128,4
DA:132,380
DA:133,95
DA:135,95
DA:136,95
DA:137,95
DA:139,95
DA:140,95
DA:141,45
DA:145,95
DA:148,95
DA:149,13
DA:151,82
DA:152,18
DA:153,16
DA:154,16
DA:157,2
DA:158,1
DA:159,1
DA:160,1
DA:164,65
DA:166,14
DA:169,65
DA:170,12
DA:171,12
DA:173,1
DA:174,1
DA:176,1
DA:177,1
DA:179,1
DA:180,1
DA:182,1
DA:183,1
DA:185,1
DA:186,1
DA:188,1
DA:189,1
DA:191,1
DA:192,1
DA:194,1
DA:195,1
DA:197,1
DA:198,1
DA:200,1
DA:201,1
DA:203,1
DA:204,1
DA:209,12
DA:210,1
DA:211,1
DA:212,1
DA:215,11
DA:219,65
DA:221,14
DA:222,14
DA:226,65
DA:228,12
DA:229,12
DA:231,1
DA:232,1
DA:234,1
DA:235,1
DA:237,1
DA:238,1
DA:240,1
DA:241,1
DA:243,1
DA:244,1
DA:246,1
DA:247,1
DA:249,1
DA:250,1
DA:252,1
DA:253,1
DA:255,1
DA:256,1
DA:258,1
DA:259,1
DA:261,1
DA:262,1
DA:264,1
DA:265,1
DA:270,12
DA:271,1
DA:272,1
DA:273,1
DA:276,11
DA:280,65
DA:281,7
DA:282,2
DA:283,2
DA:284,2
DA:288,65
DA:289,2
DA:290,2
DA:291,2
DA:293,2
DA:294,2
DA:298,65
DA:299,3
DA:300,3
DA:301,3
DA:303,3
DA:304,3
DA:307,65
DA:313,73
DA:316,193
DA:320,18
DA:323,19
DA:327,17
DA:330,18
DA:334,17
DA:337,18
DA:341,17
DA:344,18
DA:348,71
DA:351,169
DA:355,25
DA:358,23
DA:362,25
DA:365,23
DA:371,1
DA:372,1
DA:373,1
DA:376,4
DA:377,4
DA:378,4
DA:379,4
DA:383,6
DA:384,6
DA:385,6
DA:388,5
DA:389,5
DA:390,5
DA:391,5
DA:395,6
DA:396,6
DA:397,6
DA:400,5
DA:401,5
DA:402,5
DA:403,5
DA:407,14
DA:408,14
DA:409,14
DA:412,8
DA:413,8
DA:414,8
DA:415,8
DA:420,1
DA:424,1
DA:428,1
DA:432,1
DA:436,1
DA:440,1
DA:444,1
DA:448,1
DA:452,1
DA:456,1
DA:460,1
DA:464,1
DA:468,1
DA:472,1
DA:476,1
DA:480,1
DA:484,1
DA:488,1
DA:492,1
DA:496,1
DA:500,1
DA:504,1
DA:508,1
DA:512,1
DA:517,19
DA:521,15
DA:525,14
DA:529,7
LF:225
LH:210
BRDA:51,0,0,69
BRDA:51,0,1,41
BRDA:58,1,0,0
BRDA:58,1,1,0
BRDA:68,2,0,17
BRDA:68,2,1,0
BRDA:68,3,0,17
BRDA:68,3,1,17
BRDA:68,4,0,17
BRDA:68,4,1,0
BRDA:68,5,0,17
BRDA:68,5,1,17
BRDA:70,6,0,16
BRDA:70,6,1,1
BRDA:74,7,0,1
BRDA:74,7,1,16
BRDA:94,8,0,7
BRDA:94,8,1,7
BRDA:98,9,0,0
BRDA:98,9,1,14
BRDA:99,10,0,0
BRDA:99,10,1,0
BRDA:110,11,0,0
BRDA:110,11,1,14
BRDA:110,12,0,14
BRDA:110,12,1,0
BRDA:114,13,0,0
BRDA:114,13,1,0
BRDA:140,14,0,45
BRDA:140,14,1,50
BRDA:148,15,0,13
BRDA:148,15,1,82
BRDA:151,16,0,18
BRDA:151,16,1,64
BRDA:152,17,0,16
BRDA:152,17,1,2
BRDA:157,18,0,1
BRDA:157,18,1,1
BRDA:157,19,0,2
BRDA:157,19,1,2
BRDA:164,20,0,14
BRDA:164,20,1,51
BRDA:169,21,0,12
BRDA:169,21,1,53
BRDA:172,22,0,1
BRDA:172,22,1,1
BRDA:172,22,2,1
BRDA:172,22,3,1
BRDA:172,22,4,1
BRDA:172,22,5,1
BRDA:172,22,6,1
BRDA:172,22,7,1
BRDA:172,22,8,1
BRDA:172,22,9,1
BRDA:172,22,10,1
BRDA:172,22,11,1
BRDA:209,23,0,1
BRDA:209,23,1,11
BRDA:219,24,0,14
BRDA:219,24,1,51
BRDA:221,25,0,14
BRDA:221,25,1,0
BRDA:226,26,0,12
BRDA:226,26,1,53
BRDA:230,27,0,1
BRDA:230,27,1,1
BRDA:230,27,2,1
BRDA:230,27,3,1
BRDA:230,27,4,1
BRDA:230,27,5,1
BRDA:230,27,6,1
BRDA:230,27,7,1
BRDA:230,27,8,1
BRDA:230,27,9,1
BRDA:230,27,10,1
BRDA:230,27,11,1
BRDA:230,27,12,0
BRDA:270,28,0,1
BRDA:270,28,1,11
BRDA:280,29,0,7
BRDA:280,29,1,58
BRDA:281,30,0,2
BRDA:281,30,1,5
BRDA:288,31,0,2
BRDA:288,31,1,63
BRDA:298,32,0,3
BRDA:298,32,1,62
BRDA:385,33,0,6
BRDA:385,33,1,1
BRDA:397,34,0,6
BRDA:397,34,1,1
BRDA:409,35,0,14
BRDA:409,35,1,1
BRDA:517,36,0,19
BRDA:517,36,1,2
BRDA:525,37,0,14
BRDA:525,37,1,4
BRF:97
BRH:84
end_of_record
TN:
SF:/Users/jinx/javascript/Chip1138/src/memory.js
FN:6,Memory
FN:16,(anonymous_7)
FNF:2
FNH:2
FNDA:165,Memory
FNDA:5374608,(anonymous_7)
DA:1,1
DA:6,330
DA:7,165
DA:8,1
DA:11,164
DA:13,164
DA:16,164
DA:17,5374608
DA:22,60
DA:24,60
DA:26,0
DA:31,60
DA:34,60
DA:40,1
DA:41,0
DA:45,1
DA:48,1
DA:51,1
DA:54,1
DA:57,1
DA:60,1
DA:61,1
DA:65,0
DA:71,57
DA:73,57
DA:74,6
DA:76,6
DA:79,57
DA:80,5
DA:82,5
DA:85,57
DA:89,2
DA:93,2
DA:97,27
LF:34
LH:31
BRDA:7,0,0,1
BRDA:7,0,1,164
BRDA:24,1,0,0
BRDA:24,1,1,60
BRDA:40,2,0,0
BRDA:40,2,1,1
BRDA:40,3,0,1
BRDA:40,3,1,0
BRDA:73,4,0,6
BRDA:73,4,1,51
BRDA:73,5,0,57
BRDA:73,5,1,6
BRDA:79,6,0,5
BRDA:79,6,1,52
BRDA:79,7,0,57
BRDA:79,7,1,11
BRF:16
BRH:13
end_of_record
TN:
SF:/Users/jinx/javascript/Chip1138/src/utils/loadROM.js
FN:9,loadROM
FN:16,(anonymous_1)
FN:21,checkIsValid
FNF:3
FNH:3
FNDA:164,loadROM
FNDA:5374608,(anonymous_1)
FNDA:164,checkIsValid
DA:1,1
DA:2,1
DA:10,164
DA:12,164
DA:14,164
DA:16,5374608
DA:17,164
DA:22,164
DA:23,164
DA:24,0
LF:10
LH:9
BRDA:23,0,0,0
BRDA:23,0,1,164
BRDA:23,1,0,164
BRDA:23,1,1,164
BRF:4
BRH:3
end_of_record
