TN:
SF:/Users/jinx/javascript/Chip1138/const/cartType.js
FNF:0
FNH:0
DA:1,1
LF:1
LH:1
BRF:0
BRH:0
end_of_record
TN:
SF:/Users/jinx/javascript/Chip1138/const/opcode.js
FNF:0
FNH:0
DA:1,1
DA:3830,1
LF:2
LH:2
BRF:0
BRH:0
end_of_record
TN:
SF:/Users/jinx/javascript/Chip1138/src/cpu.js
FN:18,CPU
FNF:1
FNH:1
FNDA:115,CPU
DA:4,1
DA:18,115
DA:20,115
DA:21,115
DA:23,115
DA:26,115
DA:27,115
DA:28,115
DA:29,115
DA:38,115
DA:51,128
DA:52,82
DA:57,18
DA:58,18
DA:59,5
DA:61,18
DA:67,34
DA:68,17
DA:69,17
DA:71,17
DA:72,17
DA:73,17
DA:74,1
DA:77,16
DA:80,17
DA:85,14
DA:86,14
DA:87,14
DA:88,14
DA:92,14
DA:93,14
DA:94,7
DA:97,14
DA:98,0
DA:99,0
DA:100,0
DA:101,0
DA:102,0
DA:103,0
DA:106,0
DA:111,14
DA:112,0
DA:113,0
DA:115,0
DA:116,0
DA:120,0
DA:121,0
DA:124,14
DA:128,4
DA:129,4
DA:133,400
DA:134,100
DA:136,100
DA:137,100
DA:138,100
DA:140,100
DA:141,100
DA:142,50
DA:146,100
DA:149,100
DA:150,18
DA:152,100
DA:153,18
DA:154,16
DA:155,16
DA:158,2
DA:159,1
DA:160,1
DA:161,1
DA:165,83
DA:167,14
DA:170,83
DA:171,12
DA:172,12
DA:174,1
DA:175,1
DA:177,1
DA:178,1
DA:180,1
DA:181,1
DA:183,1
DA:184,1
DA:186,1
DA:187,1
DA:189,1
DA:190,1
DA:192,1
DA:193,1
DA:195,1
DA:196,1
DA:198,1
DA:199,1
DA:201,1
DA:202,1
DA:204,1
DA:205,1
DA:210,12
DA:211,1
DA:212,1
DA:213,1
DA:216,11
DA:220,83
DA:222,14
DA:223,14
DA:227,83
DA:229,12
DA:230,12
DA:232,1
DA:233,1
DA:235,1
DA:236,1
DA:238,1
DA:239,1
DA:241,1
DA:242,1
DA:244,1
DA:245,1
DA:247,1
DA:248,1
DA:250,1
DA:251,1
DA:253,1
DA:254,1
DA:256,1
DA:257,1
DA:259,1
DA:260,1
DA:262,1
DA:263,1
DA:265,1
DA:266,1
DA:271,12
DA:272,1
DA:273,1
DA:274,1
DA:277,11
DA:281,83
DA:282,7
DA:283,2
DA:284,2
DA:285,2
DA:289,83
DA:290,2
DA:291,2
DA:292,2
DA:294,2
DA:295,2
DA:299,83
DA:300,3
DA:301,3
DA:302,3
DA:304,3
DA:305,3
DA:308,83
DA:314,101
DA:317,211
DA:321,19
DA:324,19
DA:328,18
DA:331,18
DA:335,18
DA:338,18
DA:342,18
DA:345,18
DA:349,80
DA:352,174
DA:356,26
DA:359,23
DA:363,26
DA:366,23
DA:372,1
DA:373,1
DA:374,1
DA:377,4
DA:378,4
DA:379,4
DA:380,4
DA:384,6
DA:385,6
DA:386,6
DA:389,5
DA:390,5
DA:391,5
DA:392,5
DA:396,6
DA:397,6
DA:398,6
DA:401,5
DA:402,5
DA:403,5
DA:404,5
DA:408,14
DA:409,14
DA:410,14
DA:413,8
DA:414,8
DA:415,8
DA:416,8
DA:421,1
DA:425,1
DA:429,1
DA:433,1
DA:437,1
DA:441,1
DA:445,1
DA:449,1
DA:453,1
DA:457,1
DA:461,1
DA:465,1
DA:469,1
DA:473,1
DA:477,1
DA:481,1
DA:485,1
DA:489,1
DA:493,1
DA:497,1
DA:501,1
DA:505,1
DA:509,1
DA:513,1
DA:518,19
DA:522,15
DA:526,14
DA:530,7
LF:226
LH:213
BRDA:51,0,0,82
BRDA:51,0,1,46
BRDA:58,1,0,5
BRDA:58,1,1,13
BRDA:67,2,0,17
BRDA:67,2,1,0
BRDA:67,3,0,17
BRDA:67,3,1,17
BRDA:67,4,0,17
BRDA:67,4,1,0
BRDA:67,5,0,17
BRDA:67,5,1,17
BRDA:69,6,0,16
BRDA:69,6,1,1
BRDA:73,7,0,1
BRDA:73,7,1,16
BRDA:93,8,0,7
BRDA:93,8,1,7
BRDA:97,9,0,0
BRDA:97,9,1,14
BRDA:98,10,0,0
BRDA:98,10,1,0
BRDA:111,11,0,0
BRDA:111,11,1,14
BRDA:111,12,0,14
BRDA:111,12,1,0
BRDA:115,13,0,0
BRDA:115,13,1,0
BRDA:141,14,0,50
BRDA:141,14,1,50
BRDA:149,15,0,18
BRDA:149,15,1,82
BRDA:152,16,0,18
BRDA:152,16,1,82
BRDA:153,17,0,16
BRDA:153,17,1,2
BRDA:158,18,0,1
BRDA:158,18,1,1
BRDA:158,19,0,2
BRDA:158,19,1,2
BRDA:165,20,0,14
BRDA:165,20,1,69
BRDA:170,21,0,12
BRDA:170,21,1,71
BRDA:173,22,0,1
BRDA:173,22,1,1
BRDA:173,22,2,1
BRDA:173,22,3,1
BRDA:173,22,4,1
BRDA:173,22,5,1
BRDA:173,22,6,1
BRDA:173,22,7,1
BRDA:173,22,8,1
BRDA:173,22,9,1
BRDA:173,22,10,1
BRDA:173,22,11,1
BRDA:210,23,0,1
BRDA:210,23,1,11
BRDA:220,24,0,14
BRDA:220,24,1,69
BRDA:222,25,0,14
BRDA:222,25,1,0
BRDA:227,26,0,12
BRDA:227,26,1,71
BRDA:231,27,0,1
BRDA:231,27,1,1
BRDA:231,27,2,1
BRDA:231,27,3,1
BRDA:231,27,4,1
BRDA:231,27,5,1
BRDA:231,27,6,1
BRDA:231,27,7,1
BRDA:231,27,8,1
BRDA:231,27,9,1
BRDA:231,27,10,1
BRDA:231,27,11,1
BRDA:231,27,12,0
BRDA:271,28,0,1
BRDA:271,28,1,11
BRDA:281,29,0,7
BRDA:281,29,1,76
BRDA:282,30,0,2
BRDA:282,30,1,5
BRDA:289,31,0,2
BRDA:289,31,1,81
BRDA:299,32,0,3
BRDA:299,32,1,80
BRDA:386,33,0,6
BRDA:386,33,1,1
BRDA:398,34,0,6
BRDA:398,34,1,1
BRDA:410,35,0,14
BRDA:410,35,1,1
BRDA:518,36,0,19
BRDA:518,36,1,2
BRDA:526,37,0,14
BRDA:526,37,1,4
BRF:97
BRH:86
end_of_record
TN:
SF:/Users/jinx/javascript/Chip1138/src/memory.js
FN:6,Memory
FN:16,(anonymous_7)
FNF:2
FNH:2
FNDA:165,Memory
FNDA:5374608,(anonymous_7)
DA:1,1
DA:6,330
DA:7,165
DA:8,1
DA:11,164
DA:13,164
DA:16,164
DA:17,5374608
DA:22,60
DA:24,60
DA:26,0
DA:31,60
DA:34,60
DA:40,1
DA:41,0
DA:45,1
DA:48,1
DA:51,1
DA:54,1
DA:57,1
DA:60,1
DA:61,1
DA:65,0
DA:71,57
DA:73,57
DA:74,6
DA:76,6
DA:79,57
DA:80,5
DA:82,5
DA:85,57
DA:89,2
DA:93,2
DA:97,27
LF:34
LH:31
BRDA:7,0,0,1
BRDA:7,0,1,164
BRDA:24,1,0,0
BRDA:24,1,1,60
BRDA:40,2,0,0
BRDA:40,2,1,1
BRDA:40,3,0,1
BRDA:40,3,1,0
BRDA:73,4,0,6
BRDA:73,4,1,51
BRDA:73,5,0,57
BRDA:73,5,1,6
BRDA:79,6,0,5
BRDA:79,6,1,52
BRDA:79,7,0,57
BRDA:79,7,1,11
BRF:16
BRH:13
end_of_record
TN:
SF:/Users/jinx/javascript/Chip1138/src/utils/loadROM.js
FN:9,loadROM
FN:16,(anonymous_1)
FN:21,checkIsValid
FNF:3
FNH:3
FNDA:164,loadROM
FNDA:5374608,(anonymous_1)
FNDA:164,checkIsValid
DA:1,1
DA:2,1
DA:10,164
DA:12,164
DA:14,164
DA:16,5374608
DA:17,164
DA:22,164
DA:23,164
DA:24,0
LF:10
LH:9
BRDA:23,0,0,0
BRDA:23,0,1,164
BRDA:23,1,0,164
BRDA:23,1,1,164
BRF:4
BRH:3
end_of_record
